Flutter crash report.
Please report a bug at https://github.com/flutter/flutter/issues.

## command

flutter build macos --debug

## exception

ProcessException: ProcessException: Process exited abnormally with exit code 72:
xcrun: error: unable to find utility "xcodebuild", not a developer tool or in PATH
  Command: /usr/bin/arch -arm64e xcrun xcodebuild -list -project Runner.xcodeproj

```
#0      RunResult.throwException (package:flutter_tools/src/base/process.dart:122:5)
#1      _DefaultProcessUtils.run (package:flutter_tools/src/base/process.dart:370:19)
<asynchronous suspension>
#2      XcodeProjectInterpreter.getInfo (package:flutter_tools/src/ios/xcodeproj.dart:342:30)
<asynchronous suspension>
#3      buildMacOS (package:flutter_tools/src/macos/build_macos.dart:139:41)
<asynchronous suspension>
#4      BuildMacosCommand.runCommand (package:flutter_tools/src/commands/build_macos.dart:60:5)
<asynchronous suspension>
#5      FlutterCommand.run.<anonymous closure> (package:flutter_tools/src/runner/flutter_command.dart:1408:27)
<asynchronous suspension>
#6      AppContext.run.<anonymous closure> (package:flutter_tools/src/base/context.dart:153:19)
<asynchronous suspension>
#7      CommandRunner.runCommand (package:args/command_runner.dart:212:13)
<asynchronous suspension>
#8      FlutterCommandRunner.runCommand.<anonymous closure> (package:flutter_tools/src/runner/flutter_command_runner.dart:420:9)
<asynchronous suspension>
#9      AppContext.run.<anonymous closure> (package:flutter_tools/src/base/context.dart:153:19)
<asynchronous suspension>
#10     FlutterCommandRunner.runCommand (package:flutter_tools/src/runner/flutter_command_runner.dart:364:5)
<asynchronous suspension>
#11     run.<anonymous closure>.<anonymous closure> (package:flutter_tools/runner.dart:130:9)
<asynchronous suspension>
#12     AppContext.run.<anonymous closure> (package:flutter_tools/src/base/context.dart:153:19)
<asynchronous suspension>
#13     main (package:flutter_tools/executable.dart:93:3)
<asynchronous suspension>
```

## flutter doctor

```
[!] Flutter (Channel stable, 3.24.5, on macOS 26.4.1 25E253 darwin-arm64, locale fr-FR)
    • Flutter version 3.24.5 on channel stable at /Users/alan/Developpement/SFAIT-Software/SFAIT-build-tools/SFAIT-dev-tools/flutter-3.24.5-arm64/flutter
    ! The flutter binary is not on your path. Consider adding /Users/alan/Developpement/SFAIT-Software/SFAIT-build-tools/SFAIT-dev-tools/flutter-3.24.5-arm64/flutter/bin to your path.
    ! The dart binary is not on your path. Consider adding /Users/alan/Developpement/SFAIT-Software/SFAIT-build-tools/SFAIT-dev-tools/flutter-3.24.5-arm64/flutter/bin to your path.
    • Upstream repository https://github.com/flutter/flutter.git
    • Framework revision dec2ee5c1f (1 year, 5 months ago), 2024-11-13 11:13:06 -0800
    • Engine revision a18df97ca5
    • Dart version 3.5.4
    • DevTools version 2.37.3
    • If those were intentional, you can disregard the above warnings; however it is recommended to use "git" directly to perform update checks and upgrades.

[✗] Android toolchain - develop for Android devices
    ✗ Unable to locate Android SDK.
      Install Android Studio from: https://developer.android.com/studio/index.html
      On first launch it will assist you in installing the Android SDK components.
      (or visit https://flutter.dev/to/macos-android-setup for detailed instructions).
      If the Android SDK has been installed to a custom location, please use
      `flutter config --android-sdk` to update to that location.


[!] Xcode - develop for iOS and macOS
    ✗ Xcode installation is incomplete; a full installation is necessary for iOS and macOS development.
      Download at: https://developer.apple.com/xcode/
      Or install Xcode via the App Store.
      Once installed, run:
        sudo xcode-select --switch /Applications/Xcode.app/Contents/Developer
        sudo xcodebuild -runFirstLaunch
    ! CocoaPods 1.12.1 out of date (1.13.0 is recommended).
        CocoaPods is a package manager for iOS or macOS platform code.
        Without CocoaPods, plugins will not work on iOS or macOS.
        For more info, see https://flutter.dev/to/platform-plugins
      To update CocoaPods, see https://guides.cocoapods.org/using/getting-started.html#updating-cocoapods

[✗] Chrome - develop for the web (Cannot find Chrome executable at /Applications/Google Chrome.app/Contents/MacOS/Google Chrome)
    ! Cannot find Chrome. Try setting CHROME_EXECUTABLE to a Chrome executable.

[!] Android Studio (not installed)
    • Android Studio not found; download from https://developer.android.com/studio/index.html
      (or visit https://flutter.dev/to/macos-android-setup for detailed instructions).

[✓] Connected device (1 available)
    • macOS (desktop) • macos • darwin-arm64 • macOS 26.4.1 25E253 darwin-arm64

[✓] Network resources
    • All expected network resources are available.

! Doctor found issues in 5 categories.
```
